Thu Sep 19 15:26:35 MST 2024
Initiating script
── Attaching core tidyverse packages ──────────────────────── tidyverse 2.0.0 ──
✔ dplyr     1.1.4     ✔ readr     2.1.5
✔ forcats   1.0.0     ✔ stringr   1.5.1
✔ ggplot2   3.5.1     ✔ tibble    3.2.1
✔ lubridate 1.9.3     ✔ tidyr     1.3.1
✔ purrr     1.0.2     
── Conflicts ────────────────────────────────────────── tidyverse_conflicts() ──
✖ ggplot2::annotate() masks ctmm::annotate()
✖ dplyr::filter()     masks stats::filter()
✖ dplyr::lag()        masks stats::lag()
ℹ Use the conflicted package (<http://conflicted.r-lib.org/>) to force all conflicts to become errors

Attaching package: ‘data.table’

The following objects are masked from ‘package:lubridate’:

    hour, isoweek, mday, minute, month, quarter, second, wday, week,
    yday, year

The following objects are masked from ‘package:dplyr’:

    between, first, last

The following object is masked from ‘package:purrr’:

    transpose

[1] "/home/u15/mmercer3/proj/bobcat_chapter/data/Bobcat_Individuals/range_resident/cynthia.csv"
     [,1]                                
[1,] "Data loaded at 2024-09-19 15:26:44"
Minimum sampling interval of 59.2 minutes in unknown
Warning message:
In as.telemetry.data.frame(individual_gps) :
  No MoveBank or GBIF identification found. Assuming data corresponds to one indiviudal.
DOP values missing. Assuming DOP=1.
[1] "BC_#43_Cynthia"
[1] "Telemetry object created at 2024-09-19 15:26:47.06465"
[1] "CTMM fit at 2024-09-19 15:47:27.191728"
$name
[1] "OUF anisotropic error"

$DOF
     mean      area diffusion     speed 
 598.5850  892.8599  873.2961  184.5934 

$CI
                                        low       est      high
area (square kilometers)          10.297204 11.007468 11.741084
τ[position] (hours)                6.329497  7.093493  7.949707
τ[velocity] (minutes)             31.589088 39.137632 48.489980
speed (kilometers/day)            12.305492 13.262112 14.217816
diffusion (square kilometers/day)  3.504419  3.748973  4.001659

Default grid size of 47.9666666666667 minutes chosen for bandwidth(...,fast=TRUE).
[1] "home range created"
[1] "Done at 2024-09-19 15:47:32.644763"
Script complete
Thu Sep 19 15:47:32 MST 2024
