Thu Sep 19 15:26:36 MST 2024
Initiating script
── Attaching core tidyverse packages ──────────────────────── tidyverse 2.0.0 ──
✔ dplyr     1.1.4     ✔ readr     2.1.5
✔ forcats   1.0.0     ✔ stringr   1.5.1
✔ ggplot2   3.5.1     ✔ tibble    3.2.1
✔ lubridate 1.9.3     ✔ tidyr     1.3.1
✔ purrr     1.0.2     
── Conflicts ────────────────────────────────────────── tidyverse_conflicts() ──
✖ ggplot2::annotate() masks ctmm::annotate()
✖ dplyr::filter()     masks stats::filter()
✖ dplyr::lag()        masks stats::lag()
ℹ Use the conflicted package (<http://conflicted.r-lib.org/>) to force all conflicts to become errors

Attaching package: ‘data.table’

The following objects are masked from ‘package:lubridate’:

    hour, isoweek, mday, minute, month, quarter, second, wday, week,
    yday, year

The following objects are masked from ‘package:dplyr’:

    between, first, last

The following object is masked from ‘package:purrr’:

    transpose

[1] "/home/u15/mmercer3/proj/bobcat_chapter/data/Bobcat_Individuals/range_resident/beverly.csv"
     [,1]                                
[1,] "Data loaded at 2024-09-19 15:26:47"
Minimum sampling interval of 1.01 hours in unknown
Warning message:
In as.telemetry.data.frame(individual_gps) :
  No MoveBank or GBIF identification found. Assuming data corresponds to one indiviudal.
DOP values missing. Assuming DOP=1.
[1] "BC_#42_Beverly"
[1] "Telemetry object created at 2024-09-19 15:26:49.955051"
[1] "CTMM fit at 2024-09-19 15:46:44.779213"
$name
[1] "OUF anisotropic error"

$DOF
     mean      area diffusion     speed 
 968.0726 1335.7014 1245.7775  439.4679 

$CI
                                        low       est      high
area (square kilometers)           6.985241  7.375521  7.776261
τ[position] (hours)                2.930059  3.424393  4.002126
τ[velocity] (minutes)             46.947511 58.211366 72.177696
speed (kilometers/day)            11.171233 11.719141 12.266702
diffusion (square kilometers/day)  3.185687  3.370262  3.559962

Default grid size of 1.00152777777778 hours chosen for bandwidth(...,fast=TRUE).
[1] "home range created"
[1] "Done at 2024-09-19 15:46:50.508784"
Script complete
Thu Sep 19 15:46:50 MST 2024
