Thu Sep 19 15:26:35 MST 2024
Initiating script
── Attaching core tidyverse packages ──────────────────────── tidyverse 2.0.0 ──
✔ dplyr     1.1.4     ✔ readr     2.1.5
✔ forcats   1.0.0     ✔ stringr   1.5.1
✔ ggplot2   3.5.1     ✔ tibble    3.2.1
✔ lubridate 1.9.3     ✔ tidyr     1.3.1
✔ purrr     1.0.2     
── Conflicts ────────────────────────────────────────── tidyverse_conflicts() ──
✖ ggplot2::annotate() masks ctmm::annotate()
✖ dplyr::filter()     masks stats::filter()
✖ dplyr::lag()        masks stats::lag()
ℹ Use the conflicted package (<http://conflicted.r-lib.org/>) to force all conflicts to become errors

Attaching package: ‘data.table’

The following objects are masked from ‘package:lubridate’:

    hour, isoweek, mday, minute, month, quarter, second, wday, week,
    yday, year

The following objects are masked from ‘package:dplyr’:

    between, first, last

The following object is masked from ‘package:purrr’:

    transpose

[1] "/home/u15/mmercer3/proj/bobcat_chapter/data/Bobcat_Individuals/range_resident/jack.csv"
     [,1]                                
[1,] "Data loaded at 2024-09-19 15:26:45"
Minimum sampling interval of 57.9 minutes in unknown
Warning message:
In as.telemetry.data.frame(individual_gps) :
  No MoveBank or GBIF identification found. Assuming data corresponds to one indiviudal.
DOP values missing. Assuming DOP=1.
[1] "BC_#16_Jack"
[1] "Telemetry object created at 2024-09-19 15:26:47.973824"
[1] "CTMM fit at 2024-09-19 15:47:28.47608"
$name
[1] "OUf anisotropic error"

$DOF
     mean      area diffusion     speed 
 624.1528  809.4891  419.4672  161.8973 

$CI
                                       low       est      high
area (square kilometers)          9.697546 10.401860 11.130514
τ (hours)                         4.682868  5.063419  5.474896
speed (kilometers/day)            5.481784  5.939220  6.396191
diffusion (square kilometers/day) 2.478179  2.733546  3.001255

[1] "home range created"
[1] "Done at 2024-09-19 15:47:53.105416"
Script complete
Thu Sep 19 15:47:53 MST 2024
