Thu Sep 19 15:26:35 MST 2024
Initiating script
── Attaching core tidyverse packages ──────────────────────── tidyverse 2.0.0 ──
✔ dplyr     1.1.4     ✔ readr     2.1.5
✔ forcats   1.0.0     ✔ stringr   1.5.1
✔ ggplot2   3.5.1     ✔ tibble    3.2.1
✔ lubridate 1.9.3     ✔ tidyr     1.3.1
✔ purrr     1.0.2     
── Conflicts ────────────────────────────────────────── tidyverse_conflicts() ──
✖ ggplot2::annotate() masks ctmm::annotate()
✖ dplyr::filter()     masks stats::filter()
✖ dplyr::lag()        masks stats::lag()
ℹ Use the conflicted package (<http://conflicted.r-lib.org/>) to force all conflicts to become errors

Attaching package: ‘data.table’

The following objects are masked from ‘package:lubridate’:

    hour, isoweek, mday, minute, month, quarter, second, wday, week,
    yday, year

The following objects are masked from ‘package:dplyr’:

    between, first, last

The following object is masked from ‘package:purrr’:

    transpose

[1] "/home/u15/mmercer3/proj/bobcat_chapter/data/Bobcat_Individuals/range_resident/charlie.csv"
     [,1]                                
[1,] "Data loaded at 2024-09-19 15:26:44"
Minimum sampling interval of 1.95 hours in unknown
Warning message:
In as.telemetry.data.frame(individual_gps) :
  No MoveBank or GBIF identification found. Assuming data corresponds to one indiviudal.
DOP values missing. Assuming DOP=1.
[1] "BC_#56_Charlie"
[1] "Telemetry object created at 2024-09-19 15:26:47.06096"
[1] "CTMM fit at 2024-09-19 15:42:07.170302"
$name
[1] "OUF anisotropic error"

$DOF
     mean      area diffusion     speed 
 121.4265 1932.4389  759.6838  555.7567 

$CI
                                        low       est      high
area (square kilometers)          18.427273 19.277276 20.146175
τ[position] (hours)               13.786662 14.239238 14.706672
τ[velocity] (minutes)             37.289602 38.090608 38.908820
speed (kilometers/day)            13.963343 14.569056 15.174426
diffusion (square kilometers/day)  4.514794  4.853862  5.205032

Default grid size of 1.00013888888889 hours chosen for bandwidth(...,fast=TRUE).
[1] "home range created"
[1] "Done at 2024-09-19 15:42:16.112207"
Script complete
Thu Sep 19 15:42:16 MST 2024
