Fri Sep 20 10:04:08 MST 2024
Initiating script
── Attaching core tidyverse packages ──────────────────────── tidyverse 2.0.0 ──
✔ dplyr     1.1.4     ✔ readr     2.1.5
✔ forcats   1.0.0     ✔ stringr   1.5.1
✔ ggplot2   3.5.1     ✔ tibble    3.2.1
✔ lubridate 1.9.3     ✔ tidyr     1.3.1
✔ purrr     1.0.2     
── Conflicts ────────────────────────────────────────── tidyverse_conflicts() ──
✖ ggplot2::annotate() masks ctmm::annotate()
✖ dplyr::filter()     masks stats::filter()
✖ dplyr::lag()        masks stats::lag()
ℹ Use the conflicted package (<http://conflicted.r-lib.org/>) to force all conflicts to become errors

Attaching package: ‘data.table’

The following objects are masked from ‘package:lubridate’:

    hour, isoweek, mday, minute, month, quarter, second, wday, week,
    yday, year

The following objects are masked from ‘package:dplyr’:

    between, first, last

The following object is masked from ‘package:purrr’:

    transpose

[1] "/home/u15/mmercer3/proj/bobcat_chapter/data/Bobcat_Individuals/range_resident/bunny.csv"
     [,1]                                
[1,] "Data loaded at 2024-09-20 10:04:16"
Minimum sampling interval of 59 minutes in unknown
Warning message:
In as.telemetry.data.frame(individual_gps) :
  No MoveBank or GBIF identification found. Assuming data corresponds to one indiviudal.
DOP values missing. Assuming DOP=1.
[1] "Bunny"
[1] "Telemetry object created at 2024-09-20 10:04:19.539578"
[1] "CTMM fit at 2024-09-20 10:16:53.619847"
$name
[1] "OUF anisotropic error"

$DOF
     mean      area diffusion     speed 
564.98874 848.29794 858.41258  59.30153 

$CI
                                       low      est     high
area (square kilometers)          8.586449 9.194875 9.823833
τ[position] (hours)               6.661208 8.026876 9.672529
τ[velocity] (hours)               1.022712 1.585960 2.459412
speed (kilometers/day)            5.890773 6.749141 7.606174
diffusion (square kilometers/day) 1.878381 2.010653 2.147362

Default grid size of 52.475 minutes chosen for bandwidth(...,fast=TRUE).
[1] "home range created"
[1] "Done at 2024-09-20 10:17:06.677105"
Script complete
Fri Sep 20 10:17:06 MST 2024
