Fri Sep 20 10:04:07 MST 2024
Initiating script
── Attaching core tidyverse packages ──────────────────────── tidyverse 2.0.0 ──
✔ dplyr     1.1.4     ✔ readr     2.1.5
✔ forcats   1.0.0     ✔ stringr   1.5.1
✔ ggplot2   3.5.1     ✔ tibble    3.2.1
✔ lubridate 1.9.3     ✔ tidyr     1.3.1
✔ purrr     1.0.2     
── Conflicts ────────────────────────────────────────── tidyverse_conflicts() ──
✖ ggplot2::annotate() masks ctmm::annotate()
✖ dplyr::filter()     masks stats::filter()
✖ dplyr::lag()        masks stats::lag()
ℹ Use the conflicted package (<http://conflicted.r-lib.org/>) to force all conflicts to become errors

Attaching package: ‘data.table’

The following objects are masked from ‘package:lubridate’:

    hour, isoweek, mday, minute, month, quarter, second, wday, week,
    yday, year

The following objects are masked from ‘package:dplyr’:

    between, first, last

The following object is masked from ‘package:purrr’:

    transpose

[1] "/home/u15/mmercer3/proj/bobcat_chapter/data/Bobcat_Individuals/range_resident/shannan.csv"
     [,1]                                
[1,] "Data loaded at 2024-09-20 10:04:17"
Minimum sampling interval of 57.1 minutes in unknown
Warning message:
In as.telemetry.data.frame(individual_gps) :
  No MoveBank or GBIF identification found. Assuming data corresponds to one indiviudal.
DOP values missing. Assuming DOP=1.
[1] "Shannan"
[1] "Telemetry object created at 2024-09-20 10:04:19.55748"
[1] "CTMM fit at 2024-09-20 10:20:53.49993"
$name
[1] "OUF anisotropic error"

$DOF
      mean       area  diffusion      speed 
604.310559 914.217252 484.374669   9.378869 

$CI
                                        low       est      high
area (square kilometers)           9.853853 10.525147 11.218248
τ[position] (hours)                7.634973  8.754102 10.037272
τ[velocity] (minutes)             15.151497 36.669240 88.745893
speed (kilometers/day)             9.431286 13.815156 18.193675
diffusion (square kilometers/day)  3.537896  3.875378  4.228013

Default grid size of 52.4958333333333 minutes chosen for bandwidth(...,fast=TRUE).
[1] "home range created"
[1] "Done at 2024-09-20 10:21:02.689002"
Script complete
Fri Sep 20 10:21:02 MST 2024
