Thu Sep 19 15:26:36 MST 2024
Initiating script
── Attaching core tidyverse packages ──────────────────────── tidyverse 2.0.0 ──
✔ dplyr     1.1.4     ✔ readr     2.1.5
✔ forcats   1.0.0     ✔ stringr   1.5.1
✔ ggplot2   3.5.1     ✔ tibble    3.2.1
✔ lubridate 1.9.3     ✔ tidyr     1.3.1
✔ purrr     1.0.2     
── Conflicts ────────────────────────────────────────── tidyverse_conflicts() ──
✖ ggplot2::annotate() masks ctmm::annotate()
✖ dplyr::filter()     masks stats::filter()
✖ dplyr::lag()        masks stats::lag()
ℹ Use the conflicted package (<http://conflicted.r-lib.org/>) to force all conflicts to become errors

Attaching package: ‘data.table’

The following objects are masked from ‘package:lubridate’:

    hour, isoweek, mday, minute, month, quarter, second, wday, week,
    yday, year

The following objects are masked from ‘package:dplyr’:

    between, first, last

The following object is masked from ‘package:purrr’:

    transpose

[1] "/home/u15/mmercer3/proj/bobcat_chapter/data/Bobcat_Individuals/range_resident/michele.csv"
     [,1]                                
[1,] "Data loaded at 2024-09-19 15:26:45"
Minimum sampling interval of 1.98 hours in unknown
Warning message:
In as.telemetry.data.frame(individual_gps) :
  No MoveBank or GBIF identification found. Assuming data corresponds to one indiviudal.
DOP values missing. Assuming DOP=1.
[1] "BC_#52_Michele"
[1] "Telemetry object created at 2024-09-19 15:26:47.933668"
[1] "CTMM fit at 2024-09-19 15:30:40.617878"
$name
[1] "OU anisotropic error"

$DOF
     mean      area diffusion     speed 
 25.62844  40.19360  83.30682   0.00000 

$CI
                                        low      est      high
area (square kilometers)          14.100711 19.72008 26.267165
τ[position] (hours)                9.332526 13.76685 20.308143
diffusion (square kilometers/day)  4.419533  5.54627  6.799014

[1] "home range created"
[1] "Done at 2024-09-19 15:30:42.16419"
Script complete
Thu Sep 19 15:30:42 MST 2024
