Thu Sep 19 15:26:35 MST 2024
Initiating script
── Attaching core tidyverse packages ──────────────────────── tidyverse 2.0.0 ──
✔ dplyr     1.1.4     ✔ readr     2.1.5
✔ forcats   1.0.0     ✔ stringr   1.5.1
✔ ggplot2   3.5.1     ✔ tibble    3.2.1
✔ lubridate 1.9.3     ✔ tidyr     1.3.1
✔ purrr     1.0.2     
── Conflicts ────────────────────────────────────────── tidyverse_conflicts() ──
✖ ggplot2::annotate() masks ctmm::annotate()
✖ dplyr::filter()     masks stats::filter()
✖ dplyr::lag()        masks stats::lag()
ℹ Use the conflicted package (<http://conflicted.r-lib.org/>) to force all conflicts to become errors

Attaching package: ‘data.table’

The following objects are masked from ‘package:lubridate’:

    hour, isoweek, mday, minute, month, quarter, second, wday, week,
    yday, year

The following objects are masked from ‘package:dplyr’:

    between, first, last

The following object is masked from ‘package:purrr’:

    transpose

[1] "/home/u15/mmercer3/proj/bobcat_chapter/data/Bobcat_Individuals/range_resident/sweetwater.csv"
     [,1]                                
[1,] "Data loaded at 2024-09-19 15:26:45"
Minimum sampling interval of 58.2 minutes in unknown
Warning message:
In as.telemetry.data.frame(individual_gps) :
  No MoveBank or GBIF identification found. Assuming data corresponds to one indiviudal.
DOP values missing. Assuming DOP=1.
[1] "BC_#15_Sweetwater"
[1] "Telemetry object created at 2024-09-19 15:26:48.198468"
[1] "CTMM fit at 2024-09-19 15:35:27.242486"
$name
[1] "OUF anisotropic error"

$DOF
      mean       area  diffusion      speed 
331.265694 534.403718 419.242335   5.118995 

$CI
                                        low       est       high
area (square kilometers)          10.894527 11.880591  12.908762
τ[position] (hours)               12.624854 14.809789  17.372861
τ[velocity] (minutes)             12.461188 43.795562 153.922020
speed (kilometers/day)             4.888316  8.507065  12.133530
diffusion (square kilometers/day)  1.625825  1.793409   1.969094

[1] "home range created"
[1] "Done at 2024-09-19 15:36:12.685901"
Script complete
Thu Sep 19 15:36:12 MST 2024
