Fri Sep 20 10:04:08 MST 2024
Initiating script
── Attaching core tidyverse packages ──────────────────────── tidyverse 2.0.0 ──
✔ dplyr     1.1.4     ✔ readr     2.1.5
✔ forcats   1.0.0     ✔ stringr   1.5.1
✔ ggplot2   3.5.1     ✔ tibble    3.2.1
✔ lubridate 1.9.3     ✔ tidyr     1.3.1
✔ purrr     1.0.2     
── Conflicts ────────────────────────────────────────── tidyverse_conflicts() ──
✖ ggplot2::annotate() masks ctmm::annotate()
✖ dplyr::filter()     masks stats::filter()
✖ dplyr::lag()        masks stats::lag()
ℹ Use the conflicted package (<http://conflicted.r-lib.org/>) to force all conflicts to become errors

Attaching package: ‘data.table’

The following objects are masked from ‘package:lubridate’:

    hour, isoweek, mday, minute, month, quarter, second, wday, week,
    yday, year

The following objects are masked from ‘package:dplyr’:

    between, first, last

The following object is masked from ‘package:purrr’:

    transpose

[1] "/home/u15/mmercer3/proj/bobcat_chapter/data/Bobcat_Individuals/range_resident/emmaclaire.csv"
     [,1]                                
[1,] "Data loaded at 2024-09-20 10:04:20"
Minimum sampling interval of 59.3 minutes in unknown
Warning message:
In as.telemetry.data.frame(individual_gps) :
  No MoveBank or GBIF identification found. Assuming data corresponds to one indiviudal.
DOP values missing. Assuming DOP=1.
[1] "EmmaClaire"
[1] "Telemetry object created at 2024-09-20 10:04:22.674065"
[1] "CTMM fit at 2024-09-20 10:16:22.499456"
$name
[1] "OUF anisotropic error"

$DOF
      mean       area  diffusion      speed 
489.169540 717.758745 507.535806   8.911667 

$CI
                                        low       est       high
area (square kilometers)           9.025811  9.724299  10.448448
τ[position] (hours)                7.578266  9.037813  10.778463
τ[velocity] (minutes)             17.712316 46.652010 122.875521
speed (kilometers/day)             6.564773  9.730660  12.893142
diffusion (square kilometers/day)  2.166210  2.367748   2.578123

Default grid size of 51.45 minutes chosen for bandwidth(...,fast=TRUE).
[1] "home range created"
[1] "Done at 2024-09-20 10:17:29.576371"
Script complete
Fri Sep 20 10:17:29 MST 2024
