Tue Sep 24 09:20:01 MST 2024
Initiating script
Results file already exists! continuing...
Loading required package: iterators
Loading required package: parallel
Linking to GEOS 3.9.5, GDAL 3.8.5, PROJ 9.4.0; sf_use_s2() is TRUE
Loading required package: sp

Attaching package: ‘raster’

The following objects are masked from ‘package:ctmm’:

    projection, projection<-

Loading required package: ade4
Loading required package: adehabitatMA
Registered S3 methods overwritten by 'adehabitatMA':
  method                       from
  print.SpatialPixelsDataFrame sp  
  print.SpatialPixels          sp  

Attaching package: ‘adehabitatMA’

The following object is masked from ‘package:raster’:

    buffer

Loading required package: adehabitatLT
Loading required package: CircStats
Loading required package: MASS

Attaching package: ‘MASS’

The following objects are masked from ‘package:raster’:

    area, select

Loading required package: boot
── Attaching core tidyverse packages ──────────────────────── tidyverse 2.0.0 ──
✔ dplyr     1.1.4     ✔ readr     2.1.5
✔ forcats   1.0.0     ✔ stringr   1.5.1
✔ ggplot2   3.5.1     ✔ tibble    3.2.1
✔ lubridate 1.9.3     ✔ tidyr     1.3.1
✔ purrr     1.0.2     
── Conflicts ────────────────────────────────────────── tidyverse_conflicts() ──
✖ purrr::accumulate() masks foreach::accumulate()
✖ ggplot2::annotate() masks ctmm::annotate()
✖ tidyr::extract()    masks raster::extract()
✖ dplyr::filter()     masks stats::filter()
✖ dplyr::id()         masks adehabitatLT::id()
✖ dplyr::lag()        masks stats::lag()
✖ dplyr::select()     masks MASS::select(), raster::select()
✖ purrr::when()       masks foreach::when()
ℹ Use the conflicted package (<http://conflicted.r-lib.org/>) to force all conflicts to become errors
[1] "/home/u15/mmercer3/proj/bobcat_chapter/results/Model_Fit_Results/Wyatt_rr.Rda"
     [,1]                                
[1,] "Data loaded at 2024-09-24 09:20:12"
Default grid size of 48.02 minutes chosen for bandwidth(...,fast=TRUE).
$DOF
     area bandwidth 
 1016.766  1361.016 

$CI
                              low     est     high
area (square kilometers) 14.21898 15.1351 16.07941

attr(,"class")
[1] "area"
Reading layer `roadmap' from data source 
  `/home/u15/mmercer3/proj/bobcat_chapter/data/Roadmap_Wrangled' 
  using driver `ESRI Shapefile'
Simple feature collection with 13997 features and 8 fields
Geometry type: MULTILINESTRING
Dimension:     XY
Bounding box:  xmin: 477936.4 ymin: 3545656 xmax: 511815.3 ymax: 3593305
Projected CRS: WGS 84 / UTM zone 12N
     [,1]                                 
[1,] "Roads loaded at 2024-09-24 09:20:16"
Warning message:
attribute variables are assumed to be spatially constant throughout all geometries 
     [,1]                                                  
[1,] "Roads within range calculated at 2024-09-24 09:22:09"
     [,1]                                             
[1,] "Predicted path generated at 2024-09-24 09:31:22"
Warning message:
attribute variables are assumed to be spatially constant throughout all geometries 
     [,1]                                             
[1,] "Road crossings generated at 2024-09-24 11:20:17"
Warning message:
In st_cast.sf((crossings_multi), to = "POINT") :
  repeating attributes for all sub-geometries for which they may not be constant
[1] 3811
[1] 6
     [,1]                                                  
[1,] "Crossing simulations finished at 2024-09-24 21:47:58"
[1] "Wyatt"
Reading layer `bridges_as_lines' from data source 
  `/home/u15/mmercer3/proj/bobcat_chapter/data/Bridges_As_Lines' 
  using driver `ESRI Shapefile'
Simple feature collection with 81 features and 10 fields
Geometry type: LINESTRING
Dimension:     XY
Bounding box:  xmin: -111.1472 ymin: 32.15943 xmax: -110.981 ymax: 32.40279
Geodetic CRS:  WGS 84
     [,1]                                       
[1,] "Bridge data loaded at 2024-09-24 21:47:58"
[1]  369.4243 2375.8905 2706.9770 2516.8481 2455.7684 2435.2203
     [,1]                                             
[1,] "Pass distances generated at 2024-09-24 21:48:38"
Script complete
Tue Sep 24 21:48:38 MST 2024
