Thu Sep 19 14:25:30 MST 2024
Initiating script
── Attaching core tidyverse packages ──────────────────────── tidyverse 2.0.0 ──
✔ dplyr     1.1.4     ✔ readr     2.1.5
✔ forcats   1.0.0     ✔ stringr   1.5.1
✔ ggplot2   3.5.1     ✔ tibble    3.2.1
✔ lubridate 1.9.3     ✔ tidyr     1.3.1
✔ purrr     1.0.2     
── Conflicts ────────────────────────────────────────── tidyverse_conflicts() ──
✖ ggplot2::annotate() masks ctmm::annotate()
✖ dplyr::filter()     masks stats::filter()
✖ dplyr::lag()        masks stats::lag()
ℹ Use the conflicted package (<http://conflicted.r-lib.org/>) to force all conflicts to become errors

Attaching package: ‘data.table’

The following objects are masked from ‘package:lubridate’:

    hour, isoweek, mday, minute, month, quarter, second, wday, week,
    yday, year

The following objects are masked from ‘package:dplyr’:

    between, first, last

The following object is masked from ‘package:purrr’:

    transpose

[1] "/home/u15/mmercer3/proj/bobcat_chapter/data/Bobcat_Individuals/range_resident/avery.csv"
     [,1]                                
[1,] "Data loaded at 2024-09-19 14:25:39"
Minimum sampling interval of 59.4 minutes in unknown
Warning message:
In as.telemetry.data.frame(individual_gps) :
  No MoveBank or GBIF identification found. Assuming data corresponds to one indiviudal.
DOP values missing. Assuming DOP=1.
[1] "BC_#28_Avery"
[1] "Telemetry object created at 2024-09-19 14:25:41.077744"
[1] "CTMM fit at 2024-09-19 14:51:20.275487"
$name
[1] "OUF anisotropic error"

$DOF
     mean      area diffusion     speed 
 886.8094 1292.2517 1243.9154  335.7977 

$CI
                                        low       est      high
area (square kilometers)           7.650271  8.085136  8.531852
τ[position] (hours)                4.561711  5.090015  5.679504
τ[velocity] (minutes)             36.154376 43.175047 51.559034
speed (kilometers/day)            11.908490 12.581405 13.253834
diffusion (square kilometers/day)  3.248140  3.436480  3.630054

Default grid size of 40.0444444444444 minutes chosen for bandwidth(...,fast=TRUE).
[1] "home range created"
[1] "Done at 2024-09-19 14:51:27.674615"
Script complete
Thu Sep 19 14:51:27 MST 2024
