Thu Sep 19 15:26:36 MST 2024
Initiating script
── Attaching core tidyverse packages ──────────────────────── tidyverse 2.0.0 ──
✔ dplyr     1.1.4     ✔ readr     2.1.5
✔ forcats   1.0.0     ✔ stringr   1.5.1
✔ ggplot2   3.5.1     ✔ tibble    3.2.1
✔ lubridate 1.9.3     ✔ tidyr     1.3.1
✔ purrr     1.0.2     
── Conflicts ────────────────────────────────────────── tidyverse_conflicts() ──
✖ ggplot2::annotate() masks ctmm::annotate()
✖ dplyr::filter()     masks stats::filter()
✖ dplyr::lag()        masks stats::lag()
ℹ Use the conflicted package (<http://conflicted.r-lib.org/>) to force all conflicts to become errors

Attaching package: ‘data.table’

The following objects are masked from ‘package:lubridate’:

    hour, isoweek, mday, minute, month, quarter, second, wday, week,
    yday, year

The following objects are masked from ‘package:dplyr’:

    between, first, last

The following object is masked from ‘package:purrr’:

    transpose

[1] "/home/u15/mmercer3/proj/bobcat_chapter/data/Bobcat_Individuals/range_resident/carrie.csv"
     [,1]                                
[1,] "Data loaded at 2024-09-19 15:26:47"
Minimum sampling interval of 1.94 hours in unknown
Warning message:
In as.telemetry.data.frame(individual_gps) :
  No MoveBank or GBIF identification found. Assuming data corresponds to one indiviudal.
DOP values missing. Assuming DOP=1.
[1] "BC_#51_Carrie"
[1] "Telemetry object created at 2024-09-19 15:26:49.952096"
[1] "CTMM fit at 2024-09-19 15:52:05.5488"
$name
[1] "OU anisotropic error"

$DOF
     mean      area diffusion     speed 
 310.3669  566.2622 1292.1758    0.0000 

$CI
                                        low       est      high
area (square kilometers)           5.641817  6.136941  6.652591
τ[position] (hours)               12.477753 13.750259 15.152537
diffusion (square kilometers/day)  1.211946  1.280839  1.351609

Default grid size of 1.00208333333333 hours chosen for bandwidth(...,fast=TRUE).
[1] "home range created"
[1] "Done at 2024-09-19 15:52:13.514991"
Script complete
Thu Sep 19 15:52:13 MST 2024
