Tue Nov 19 11:56:41 MST 2024
Initiating script
── Attaching core tidyverse packages ──────────────────────── tidyverse 2.0.0 ──
✔ dplyr     1.1.4     ✔ readr     2.1.5
✔ forcats   1.0.0     ✔ stringr   1.5.1
✔ ggplot2   3.5.1     ✔ tibble    3.2.1
✔ lubridate 1.9.3     ✔ tidyr     1.3.1
✔ purrr     1.0.2     
── Conflicts ────────────────────────────────────────── tidyverse_conflicts() ──
✖ ggplot2::annotate() masks ctmm::annotate()
✖ dplyr::filter()     masks stats::filter()
✖ dplyr::lag()        masks stats::lag()
ℹ Use the conflicted package (<http://conflicted.r-lib.org/>) to force all conflicts to become errors

Attaching package: ‘data.table’

The following objects are masked from ‘package:lubridate’:

    hour, isoweek, mday, minute, month, quarter, second, wday, week,
    yday, year

The following objects are masked from ‘package:dplyr’:

    between, first, last

The following object is masked from ‘package:purrr’:

    transpose


Attaching package: ‘foreach’

The following objects are masked from ‘package:purrr’:

    accumulate, when

Loading required package: iterators
Loading required package: parallel
Linking to GEOS 3.9.5, GDAL 3.8.5, PROJ 9.4.0; sf_use_s2() is TRUE
Loading required package: sp

Attaching package: ‘raster’

The following object is masked from ‘package:dplyr’:

    select

The following objects are masked from ‘package:ctmm’:

    projection, projection<-

Loading required package: ade4
Loading required package: adehabitatMA
Registered S3 methods overwritten by 'adehabitatMA':
  method                       from
  print.SpatialPixelsDataFrame sp  
  print.SpatialPixels          sp  

Attaching package: ‘adehabitatMA’

The following object is masked from ‘package:raster’:

    buffer

Loading required package: adehabitatLT
Loading required package: CircStats
Loading required package: MASS

Attaching package: ‘MASS’

The following objects are masked from ‘package:raster’:

    area, select

The following object is masked from ‘package:dplyr’:

    select

Loading required package: boot

Attaching package: ‘adehabitatLT’

The following object is masked from ‘package:dplyr’:

    id

     [,1]                                
[1,] "Data loaded at 2024-11-19 11:56:52"
Minimum sampling interval of 59 minutes in BC #27 Wyatt
DOP values missing. Assuming DOP=1.
[1] "Wyatt"
[1] "Telemetry object created at 2024-11-19 11:56:53.81073"
[1] "CTMM fit at 2024-11-19 12:22:13.489888"
$name
[1] "OUF anisotropic error"

$DOF
     mean      area diffusion     speed 
 971.1765 1449.4484 1720.8795  811.0333 

$CI
                                        low       est      high
area (square kilometers)          23.274765 24.521032 25.799345
τ[position] (hours)                5.552552  6.086832  6.672521
τ[velocity] (minutes)             46.587922 52.712720 59.642730
speed (kilometers/day)            16.555344 17.145417 17.735212
diffusion (square kilometers/day)  7.398584  7.760975  8.131910

Default grid size of 40.0333333333333 minutes chosen for bandwidth(...,fast=TRUE).
[1] "home range created"
[1] "Model saved at 2024-11-19 12:22:25.281435"
Script complete
Tue Nov 19 12:22:25 MST 2024
