Thu Sep 19 15:26:36 MST 2024
Initiating script
── Attaching core tidyverse packages ──────────────────────── tidyverse 2.0.0 ──
✔ dplyr     1.1.4     ✔ readr     2.1.5
✔ forcats   1.0.0     ✔ stringr   1.5.1
✔ ggplot2   3.5.1     ✔ tibble    3.2.1
✔ lubridate 1.9.3     ✔ tidyr     1.3.1
✔ purrr     1.0.2     
── Conflicts ────────────────────────────────────────── tidyverse_conflicts() ──
✖ ggplot2::annotate() masks ctmm::annotate()
✖ dplyr::filter()     masks stats::filter()
✖ dplyr::lag()        masks stats::lag()
ℹ Use the conflicted package (<http://conflicted.r-lib.org/>) to force all conflicts to become errors

Attaching package: ‘data.table’

The following objects are masked from ‘package:lubridate’:

    hour, isoweek, mday, minute, month, quarter, second, wday, week,
    yday, year

The following objects are masked from ‘package:dplyr’:

    between, first, last

The following object is masked from ‘package:purrr’:

    transpose

[1] "/home/u15/mmercer3/proj/bobcat_chapter/data/Bobcat_Individuals/range_resident/morgan.csv"
     [,1]                                
[1,] "Data loaded at 2024-09-19 15:26:45"
Minimum sampling interval of 57.9 minutes in unknown
Warning message:
In as.telemetry.data.frame(individual_gps) :
  No MoveBank or GBIF identification found. Assuming data corresponds to one indiviudal.
DOP values missing. Assuming DOP=1.
[1] "BC_#2_Morgan"
[1] "Telemetry object created at 2024-09-19 15:26:47.948371"
[1] "CTMM fit at 2024-09-19 15:56:13.711146"
$name
[1] "OUF anisotropic error"

$DOF
     mean      area diffusion     speed 
1374.9712 1953.2293 1874.8718  763.7181 

$CI
                                        low      est      high
area (square kilometers)          8.5934759 8.987683  9.390607
τ[position] (hours)               5.3355979 5.853350  6.421344
τ[velocity] (hours)               0.8813365 1.000747  1.136336
speed (kilometers/day)            9.3591710 9.703307 10.047277
diffusion (square kilometers/day) 2.6045325 2.726567  2.851357

Default grid size of 51.4166666666667 minutes chosen for bandwidth(...,fast=TRUE).
[1] "home range created"
[1] "Done at 2024-09-19 15:56:26.280024"
Script complete
Thu Sep 19 15:56:26 MST 2024
