Thu Sep 19 15:26:35 MST 2024
Initiating script
── Attaching core tidyverse packages ──────────────────────── tidyverse 2.0.0 ──
✔ dplyr     1.1.4     ✔ readr     2.1.5
✔ forcats   1.0.0     ✔ stringr   1.5.1
✔ ggplot2   3.5.1     ✔ tibble    3.2.1
✔ lubridate 1.9.3     ✔ tidyr     1.3.1
✔ purrr     1.0.2     
── Conflicts ────────────────────────────────────────── tidyverse_conflicts() ──
✖ ggplot2::annotate() masks ctmm::annotate()
✖ dplyr::filter()     masks stats::filter()
✖ dplyr::lag()        masks stats::lag()
ℹ Use the conflicted package (<http://conflicted.r-lib.org/>) to force all conflicts to become errors

Attaching package: ‘data.table’

The following objects are masked from ‘package:lubridate’:

    hour, isoweek, mday, minute, month, quarter, second, wday, week,
    yday, year

The following objects are masked from ‘package:dplyr’:

    between, first, last

The following object is masked from ‘package:purrr’:

    transpose

[1] "/home/u15/mmercer3/proj/bobcat_chapter/data/Bobcat_Individuals/range_resident/steve.csv"
     [,1]                                
[1,] "Data loaded at 2024-09-19 15:26:45"
Minimum sampling interval of 58.9 minutes in unknown
Warning message:
In as.telemetry.data.frame(individual_gps) :
  No MoveBank or GBIF identification found. Assuming data corresponds to one indiviudal.
DOP values missing. Assuming DOP=1.
[1] "BC_#21_Steve"
[1] "Telemetry object created at 2024-09-19 15:26:48.200467"
[1] "CTMM fit at 2024-09-19 15:39:54.0884"
$name
[1] "OUF anisotropic error"

$DOF
     mean      area diffusion     speed 
 327.6865  509.5915  688.7155  524.3563 

$CI
                                         low       est      high
area (square kilometers)          20.7905460 22.720669 24.735240
τ[position] (hours)                9.0453181 10.368610 11.885495
τ[velocity] (hours)                0.9670954  1.127003  1.313352
speed (kilometers/day)            10.4992775 10.968762 11.437974
diffusion (square kilometers/day)  3.9923430  4.308126  4.635758

Default grid size of 40.0611111111111 minutes chosen for bandwidth(...,fast=TRUE).
[1] "home range created"
[1] "Done at 2024-09-19 15:40:58.672608"
Script complete
Thu Sep 19 15:40:58 MST 2024
