Fri Sep 20 17:46:39 MST 2024
Initiating script
Creating results file road_crossings.csv
Loading required package: iterators
Loading required package: parallel
Linking to GEOS 3.9.5, GDAL 3.8.5, PROJ 9.4.0; sf_use_s2() is TRUE
Loading required package: sp

Attaching package: ‘raster’

The following objects are masked from ‘package:ctmm’:

    projection, projection<-

Loading required package: ade4
Loading required package: adehabitatMA
Registered S3 methods overwritten by 'adehabitatMA':
  method                       from
  print.SpatialPixelsDataFrame sp  
  print.SpatialPixels          sp  

Attaching package: ‘adehabitatMA’

The following object is masked from ‘package:raster’:

    buffer

Loading required package: adehabitatLT
Loading required package: CircStats
Loading required package: MASS

Attaching package: ‘MASS’

The following objects are masked from ‘package:raster’:

    area, select

Loading required package: boot
── Attaching core tidyverse packages ──────────────────────── tidyverse 2.0.0 ──
✔ dplyr     1.1.4     ✔ readr     2.1.5
✔ forcats   1.0.0     ✔ stringr   1.5.1
✔ ggplot2   3.5.1     ✔ tibble    3.2.1
✔ lubridate 1.9.3     ✔ tidyr     1.3.1
✔ purrr     1.0.2     
── Conflicts ────────────────────────────────────────── tidyverse_conflicts() ──
✖ purrr::accumulate() masks foreach::accumulate()
✖ ggplot2::annotate() masks ctmm::annotate()
✖ tidyr::extract()    masks raster::extract()
✖ dplyr::filter()     masks stats::filter()
✖ dplyr::id()         masks adehabitatLT::id()
✖ dplyr::lag()        masks stats::lag()
✖ dplyr::select()     masks MASS::select(), raster::select()
✖ purrr::when()       masks foreach::when()
ℹ Use the conflicted package (<http://conflicted.r-lib.org/>) to force all conflicts to become errors
[1] "/home/u15/mmercer3/proj/bobcat_chapter/results/Model_Fit_Results/Beverly_rr.Rda"
     [,1]                                
[1,] "Data loaded at 2024-09-20 17:46:51"
Default grid size of 1.00152777777778 hours chosen for bandwidth(...,fast=TRUE).
$DOF
     area bandwidth 
 1335.702  1881.797 

$CI
                             low      est     high
area (square kilometers) 5.65203 5.967821 6.292075

attr(,"class")
[1] "area"
Reading layer `roadmap' from data source 
  `/home/u15/mmercer3/proj/bobcat_chapter/data/Roadmap_Wrangled' 
  using driver `ESRI Shapefile'
Simple feature collection with 13997 features and 8 fields
Geometry type: MULTILINESTRING
Dimension:     XY
Bounding box:  xmin: 477936.4 ymin: 3545656 xmax: 511815.3 ymax: 3593305
Projected CRS: WGS 84 / UTM zone 12N
     [,1]                                 
[1,] "Roads loaded at 2024-09-20 17:46:56"
Warning message:
attribute variables are assumed to be spatially constant throughout all geometries 
     [,1]                                                  
[1,] "Roads within range calculated at 2024-09-20 17:48:53"
     [,1]                                             
[1,] "Predicted path generated at 2024-09-20 17:56:44"
Warning message:
attribute variables are assumed to be spatially constant throughout all geometries 
     [,1]                                             
[1,] "Road crossings generated at 2024-09-20 19:33:38"
Warning message:
In st_cast.sf((crossings_multi), to = "POINT") :
  repeating attributes for all sub-geometries for which they may not be constant
[1] 8447
[1] 6
Warning message:
In mclapply(argsList, FUN, mc.preschedule = preschedule, mc.set.seed = set.seed,  :
  scheduled core 1 did not deliver a result, all values of the job will be affected
     [,1]                                                  
[1,] "Crossing simulations finished at 2024-09-20 20:33:33"
[1] "Beverly"
Reading layer `bridges_as_lines' from data source 
  `/home/u15/mmercer3/proj/bobcat_chapter/data/Bridges_As_Lines' 
  using driver `ESRI Shapefile'
Simple feature collection with 81 features and 10 fields
Geometry type: LINESTRING
Dimension:     XY
Bounding box:  xmin: -111.1472 ymin: 32.15943 xmax: -110.981 ymax: 32.40279
Geodetic CRS:  WGS 84
     [,1]                                       
[1,] "Bridge data loaded at 2024-09-20 20:33:33"
[1] 1751.160 1752.072 1756.145 1757.146 1757.700 1757.750
     [,1]                                             
[1,] "Pass distances generated at 2024-09-20 20:33:33"
Error in `$<-.data.frame`(`*tmp*`, Passage_Distances, value = c(1751.15980206125,  : 
  replacement has 9 rows, data has 8447
Calls: $<- -> $<-.data.frame
Execution halted
Script complete
Fri Sep 20 20:33:34 MST 2024
Sep 20 20:33:34.177539  7024 slurmstepd   0x2b85b7c0aa00: error: Detected 1 oom_kill event in StepId=2134209.batch. Some of the step tasks have been OOM Killed.
