Fri Sep 20 10:04:08 MST 2024
Initiating script
── Attaching core tidyverse packages ──────────────────────── tidyverse 2.0.0 ──
✔ dplyr     1.1.4     ✔ readr     2.1.5
✔ forcats   1.0.0     ✔ stringr   1.5.1
✔ ggplot2   3.5.1     ✔ tibble    3.2.1
✔ lubridate 1.9.3     ✔ tidyr     1.3.1
✔ purrr     1.0.2     
── Conflicts ────────────────────────────────────────── tidyverse_conflicts() ──
✖ ggplot2::annotate() masks ctmm::annotate()
✖ dplyr::filter()     masks stats::filter()
✖ dplyr::lag()        masks stats::lag()
ℹ Use the conflicted package (<http://conflicted.r-lib.org/>) to force all conflicts to become errors

Attaching package: ‘data.table’

The following objects are masked from ‘package:lubridate’:

    hour, isoweek, mday, minute, month, quarter, second, wday, week,
    yday, year

The following objects are masked from ‘package:dplyr’:

    between, first, last

The following object is masked from ‘package:purrr’:

    transpose

[1] "/home/u15/mmercer3/proj/bobcat_chapter/data/Bobcat_Individuals/range_resident/elsie.csv"
     [,1]                                
[1,] "Data loaded at 2024-09-20 10:04:20"
Minimum sampling interval of 58.9 minutes in unknown
Warning message:
In as.telemetry.data.frame(individual_gps) :
  No MoveBank or GBIF identification found. Assuming data corresponds to one indiviudal.
DOP values missing. Assuming DOP=1.
[1] "Elsie"
[1] "Telemetry object created at 2024-09-20 10:04:22.683325"
[1] "CTMM fit at 2024-09-20 10:29:04.971491"
$name
[1] "OUF anisotropic error"

$DOF
     mean      area diffusion     speed 
 859.3419 1207.4854 1284.7228  105.2144 

$CI
                                        low       est      high
area (square kilometers)           4.921286  5.211103  5.509094
τ[position] (hours)                5.311784  5.949808  6.664468
τ[velocity] (minutes)             21.336160 28.292154 37.515933
speed (kilometers/day)             9.745067 10.774267 11.802199
diffusion (square kilometers/day)  1.730609  1.829282  1.930653

Default grid size of 40.0277777777778 minutes chosen for bandwidth(...,fast=TRUE).
[1] "home range created"
[1] "Done at 2024-09-20 10:29:11.906761"
Script complete
Fri Sep 20 10:29:12 MST 2024
