Thu Sep 19 15:26:36 MST 2024
Initiating script
── Attaching core tidyverse packages ──────────────────────── tidyverse 2.0.0 ──
✔ dplyr     1.1.4     ✔ readr     2.1.5
✔ forcats   1.0.0     ✔ stringr   1.5.1
✔ ggplot2   3.5.1     ✔ tibble    3.2.1
✔ lubridate 1.9.3     ✔ tidyr     1.3.1
✔ purrr     1.0.2     
── Conflicts ────────────────────────────────────────── tidyverse_conflicts() ──
✖ ggplot2::annotate() masks ctmm::annotate()
✖ dplyr::filter()     masks stats::filter()
✖ dplyr::lag()        masks stats::lag()
ℹ Use the conflicted package (<http://conflicted.r-lib.org/>) to force all conflicts to become errors

Attaching package: ‘data.table’

The following objects are masked from ‘package:lubridate’:

    hour, isoweek, mday, minute, month, quarter, second, wday, week,
    yday, year

The following objects are masked from ‘package:dplyr’:

    between, first, last

The following object is masked from ‘package:purrr’:

    transpose

[1] "/home/u15/mmercer3/proj/bobcat_chapter/data/Bobcat_Individuals/range_resident/rocky.csv"
     [,1]                                
[1,] "Data loaded at 2024-09-19 15:26:45"
Minimum sampling interval of 1.02 hours in unknown
Warning message:
In as.telemetry.data.frame(individual_gps) :
  No MoveBank or GBIF identification found. Assuming data corresponds to one indiviudal.
DOP values missing. Assuming DOP=1.
[1] "BC_#53_Rocky"
[1] "Telemetry object created at 2024-09-19 15:26:47.937276"
[1] "CTMM fit at 2024-09-19 15:41:33.410327"
$name
[1] "OUF anisotropic error"

$DOF
     mean      area diffusion     speed 
 488.1660  691.6902  590.8609  281.9940 

$CI
                                        low       est      high
area (square kilometers)          21.389708 23.077721 24.828929
τ[position] (hours)                5.289276  6.202232  7.272768
τ[velocity] (hours)                1.020048  1.258393  1.552429
speed (kilometers/day)            13.885547 14.746190 15.606158
diffusion (square kilometers/day)  6.990448  7.590202  8.214287

Default grid size of 59.9916666666667 minutes chosen for bandwidth(...,fast=TRUE).
[1] "home range created"
[1] "Done at 2024-09-19 15:41:36.94502"
Script complete
Thu Sep 19 15:41:37 MST 2024
