Fri Sep 20 10:04:08 MST 2024
Initiating script
── Attaching core tidyverse packages ──────────────────────── tidyverse 2.0.0 ──
✔ dplyr     1.1.4     ✔ readr     2.1.5
✔ forcats   1.0.0     ✔ stringr   1.5.1
✔ ggplot2   3.5.1     ✔ tibble    3.2.1
✔ lubridate 1.9.3     ✔ tidyr     1.3.1
✔ purrr     1.0.2     
── Conflicts ────────────────────────────────────────── tidyverse_conflicts() ──
✖ ggplot2::annotate() masks ctmm::annotate()
✖ dplyr::filter()     masks stats::filter()
✖ dplyr::lag()        masks stats::lag()
ℹ Use the conflicted package (<http://conflicted.r-lib.org/>) to force all conflicts to become errors

Attaching package: ‘data.table’

The following objects are masked from ‘package:lubridate’:

    hour, isoweek, mday, minute, month, quarter, second, wday, week,
    yday, year

The following objects are masked from ‘package:dplyr’:

    between, first, last

The following object is masked from ‘package:purrr’:

    transpose

[1] "/home/u15/mmercer3/proj/bobcat_chapter/data/Bobcat_Individuals/range_resident/jonathan.csv"
     [,1]                                
[1,] "Data loaded at 2024-09-20 10:04:20"
Minimum sampling interval of 58.3 minutes in unknown
Warning message:
In as.telemetry.data.frame(individual_gps) :
  No MoveBank or GBIF identification found. Assuming data corresponds to one indiviudal.
DOP values missing. Assuming DOP=1.
[1] "Jonathan"
[1] "Telemetry object created at 2024-09-20 10:04:22.674625"
[1] "CTMM fit at 2024-09-20 10:15:47.780586"
$name
[1] "OUF anisotropic error"

$DOF
     mean      area diffusion     speed 
 322.2313  484.3305  564.6821  339.5564 

$CI
                                        low       est      high
area (square kilometers)          12.232849 13.399804 14.619160
τ[position] (hours)                8.001758  9.299346 10.807355
τ[velocity] (minutes)             46.300443 56.166501 68.134894
speed (kilometers/day)             9.216484  9.734228 10.251601
diffusion (square kilometers/day)  2.625448  2.856199  3.096531

Default grid size of 40.0444444444444 minutes chosen for bandwidth(...,fast=TRUE).
[1] "home range created"
[1] "Done at 2024-09-20 10:15:52.507593"
Script complete
Fri Sep 20 10:15:52 MST 2024
