Thu Sep 26 10:19:37 MST 2024
Initiating script
Creating results file road_crossings_non_rr.csv
Loading required package: iterators
Loading required package: parallel
Linking to GEOS 3.9.5, GDAL 3.8.5, PROJ 9.4.0; sf_use_s2() is TRUE
Loading required package: sp

Attaching package: ‘raster’

The following objects are masked from ‘package:ctmm’:

    projection, projection<-

Loading required package: ade4
Loading required package: adehabitatMA
Registered S3 methods overwritten by 'adehabitatMA':
  method                       from
  print.SpatialPixelsDataFrame sp  
  print.SpatialPixels          sp  

Attaching package: ‘adehabitatMA’

The following object is masked from ‘package:raster’:

    buffer

Loading required package: adehabitatLT
Loading required package: CircStats
Loading required package: MASS

Attaching package: ‘MASS’

The following objects are masked from ‘package:raster’:

    area, select

Loading required package: boot
── Attaching core tidyverse packages ──────────────────────── tidyverse 2.0.0 ──
✔ dplyr     1.1.4     ✔ readr     2.1.5
✔ forcats   1.0.0     ✔ stringr   1.5.1
✔ ggplot2   3.5.1     ✔ tibble    3.2.1
✔ lubridate 1.9.3     ✔ tidyr     1.3.1
✔ purrr     1.0.2     
── Conflicts ────────────────────────────────────────── tidyverse_conflicts() ──
✖ purrr::accumulate() masks foreach::accumulate()
✖ ggplot2::annotate() masks ctmm::annotate()
✖ tidyr::extract()    masks raster::extract()
✖ dplyr::filter()     masks stats::filter()
✖ dplyr::id()         masks adehabitatLT::id()
✖ dplyr::lag()        masks stats::lag()
✖ dplyr::select()     masks MASS::select(), raster::select()
✖ purrr::when()       masks foreach::when()
ℹ Use the conflicted package (<http://conflicted.r-lib.org/>) to force all conflicts to become errors
[1] "/home/u15/mmercer3/proj/bobcat_chapter/results/Model_Fit_Results/Tippy_nonrr.Rda"
     [,1]                                
[1,] "Data loaded at 2024-09-26 10:19:47"
Reading layer `roadmap' from data source 
  `/home/u15/mmercer3/proj/bobcat_chapter/data/Roadmap_Wrangled' 
  using driver `ESRI Shapefile'
Simple feature collection with 13997 features and 8 fields
Geometry type: MULTILINESTRING
Dimension:     XY
Bounding box:  xmin: 477936.4 ymin: 3545656 xmax: 511815.3 ymax: 3593305
Projected CRS: WGS 84 / UTM zone 12N
     [,1]                                 
[1,] "Roads loaded at 2024-09-26 10:19:48"
     [,1]                                             
[1,] "Predicted path generated at 2024-09-26 10:23:29"
Warning message:
attribute variables are assumed to be spatially constant throughout all geometries 
     [,1]                                             
[1,] "Road crossings generated at 2024-09-26 11:05:49"
Warning message:
In st_cast.sf((crossings_multi), to = "POINT") :
  repeating attributes for all sub-geometries for which they may not be constant
[1] 1619
[1] 6
