Thu Sep 19 15:26:36 MST 2024
Initiating script
── Attaching core tidyverse packages ──────────────────────── tidyverse 2.0.0 ──
✔ dplyr     1.1.4     ✔ readr     2.1.5
✔ forcats   1.0.0     ✔ stringr   1.5.1
✔ ggplot2   3.5.1     ✔ tibble    3.2.1
✔ lubridate 1.9.3     ✔ tidyr     1.3.1
✔ purrr     1.0.2     
── Conflicts ────────────────────────────────────────── tidyverse_conflicts() ──
✖ ggplot2::annotate() masks ctmm::annotate()
✖ dplyr::filter()     masks stats::filter()
✖ dplyr::lag()        masks stats::lag()
ℹ Use the conflicted package (<http://conflicted.r-lib.org/>) to force all conflicts to become errors

Attaching package: ‘data.table’

The following objects are masked from ‘package:lubridate’:

    hour, isoweek, mday, minute, month, quarter, second, wday, week,
    yday, year

The following objects are masked from ‘package:dplyr’:

    between, first, last

The following object is masked from ‘package:purrr’:

    transpose

[1] "/home/u15/mmercer3/proj/bobcat_chapter/data/Bobcat_Individuals/range_resident/minnie.csv"
     [,1]                                
[1,] "Data loaded at 2024-09-19 15:26:45"
Minimum sampling interval of 58.6 minutes in unknown
Warning message:
In as.telemetry.data.frame(individual_gps) :
  No MoveBank or GBIF identification found. Assuming data corresponds to one indiviudal.
DOP values missing. Assuming DOP=1.
[1] "BC_#11_Minnie"
[1] "Telemetry object created at 2024-09-19 15:26:47.9361"
[1] "CTMM fit at 2024-09-19 15:34:41.767444"
$name
[1] "OUF anisotropic error"

$DOF
      mean       area  diffusion      speed 
397.387688 440.845482 220.425662   3.573747 

$CI
                                       low       est       high
area (square kilometers)          3.266247  3.593947   3.937089
τ[position] (hours)               5.692388  7.231157   9.185887
τ[velocity] (minutes)             5.288039 27.729834 145.411891
speed (kilometers/day)            4.888710  9.851912  14.850169
diffusion (square kilometers/day) 1.260302  1.444746   1.641601

[1] "home range created"
[1] "Done at 2024-09-19 15:35:21.574244"
Script complete
Thu Sep 19 15:35:21 MST 2024
