Thu Sep 19 15:26:35 MST 2024
Initiating script
── Attaching core tidyverse packages ──────────────────────── tidyverse 2.0.0 ──
✔ dplyr     1.1.4     ✔ readr     2.1.5
✔ forcats   1.0.0     ✔ stringr   1.5.1
✔ ggplot2   3.5.1     ✔ tibble    3.2.1
✔ lubridate 1.9.3     ✔ tidyr     1.3.1
✔ purrr     1.0.2     
── Conflicts ────────────────────────────────────────── tidyverse_conflicts() ──
✖ ggplot2::annotate() masks ctmm::annotate()
✖ dplyr::filter()     masks stats::filter()
✖ dplyr::lag()        masks stats::lag()
ℹ Use the conflicted package (<http://conflicted.r-lib.org/>) to force all conflicts to become errors

Attaching package: ‘data.table’

The following objects are masked from ‘package:lubridate’:

    hour, isoweek, mday, minute, month, quarter, second, wday, week,
    yday, year

The following objects are masked from ‘package:dplyr’:

    between, first, last

The following object is masked from ‘package:purrr’:

    transpose

[1] "/home/u15/mmercer3/proj/bobcat_chapter/data/Bobcat_Individuals/range_resident/emmaclaire.csv"
     [,1]                                
[1,] "Data loaded at 2024-09-19 15:26:45"
Minimum sampling interval of 59.3 minutes in unknown
Warning message:
In as.telemetry.data.frame(individual_gps) :
  No MoveBank or GBIF identification found. Assuming data corresponds to one indiviudal.
DOP values missing. Assuming DOP=1.
[1] "BC_#45_Emma_Claire"
[1] "Telemetry object created at 2024-09-19 15:26:47.975021"
[1] "CTMM fit at 2024-09-19 15:39:33.37524"
$name
[1] "OUF anisotropic error"

$DOF
      mean       area  diffusion      speed 
489.169539 717.758172 507.535587   8.911661 

$CI
                                        low       est       high
area (square kilometers)           9.025814  9.724302  10.448451
τ[position] (hours)                7.578266  9.037813  10.778463
τ[velocity] (minutes)             17.712310 46.652010 122.875565
speed (kilometers/day)             6.564773  9.730662  12.893145
diffusion (square kilometers/day)  2.166211  2.367749   2.578124

Default grid size of 51.45 minutes chosen for bandwidth(...,fast=TRUE).
[1] "home range created"
[1] "Done at 2024-09-19 15:40:41.460796"
Script complete
Thu Sep 19 15:40:41 MST 2024
