Thu Sep 19 15:26:35 MST 2024
Initiating script
── Attaching core tidyverse packages ──────────────────────── tidyverse 2.0.0 ──
✔ dplyr     1.1.4     ✔ readr     2.1.5
✔ forcats   1.0.0     ✔ stringr   1.5.1
✔ ggplot2   3.5.1     ✔ tibble    3.2.1
✔ lubridate 1.9.3     ✔ tidyr     1.3.1
✔ purrr     1.0.2     
── Conflicts ────────────────────────────────────────── tidyverse_conflicts() ──
✖ ggplot2::annotate() masks ctmm::annotate()
✖ dplyr::filter()     masks stats::filter()
✖ dplyr::lag()        masks stats::lag()
ℹ Use the conflicted package (<http://conflicted.r-lib.org/>) to force all conflicts to become errors

Attaching package: ‘data.table’

The following objects are masked from ‘package:lubridate’:

    hour, isoweek, mday, minute, month, quarter, second, wday, week,
    yday, year

The following objects are masked from ‘package:dplyr’:

    between, first, last

The following object is masked from ‘package:purrr’:

    transpose

[1] "/home/u15/mmercer3/proj/bobcat_chapter/data/Bobcat_Individuals/range_resident/teddy.csv"
     [,1]                                
[1,] "Data loaded at 2024-09-19 15:26:45"
Minimum sampling interval of 1.94 hours in unknown
Warning message:
In as.telemetry.data.frame(individual_gps) :
  No MoveBank or GBIF identification found. Assuming data corresponds to one indiviudal.
DOP values missing. Assuming DOP=1.
[1] "BC_#54_Teddy"
[1] "Telemetry object created at 2024-09-19 15:26:48.20085"
[1] "CTMM fit at 2024-09-19 15:40:52.63465"
$name
[1] "OUF anisotropic error"

$DOF
     mean      area diffusion     speed 
 245.5931  414.1852  787.2331  547.1757 

$CI
                                        low       est      high
area (square kilometers)          26.157757 28.871653 31.717573
τ[position] (hours)                5.518280  6.420563  7.470375
τ[velocity] (minutes)             46.297722 54.863487 65.014046
speed (kilometers/day)            16.772818 17.506334 18.239431
diffusion (square kilometers/day)  7.864353  8.443981  9.043927

Default grid size of 1.00013888888889 hours chosen for bandwidth(...,fast=TRUE).
[1] "home range created"
[1] "Done at 2024-09-19 15:40:57.967694"
Script complete
Thu Sep 19 15:40:58 MST 2024
