Thu Sep 19 14:25:30 MST 2024
Initiating script
── Attaching core tidyverse packages ──────────────────────── tidyverse 2.0.0 ──
✔ dplyr     1.1.4     ✔ readr     2.1.5
✔ forcats   1.0.0     ✔ stringr   1.5.1
✔ ggplot2   3.5.1     ✔ tibble    3.2.1
✔ lubridate 1.9.3     ✔ tidyr     1.3.1
✔ purrr     1.0.2     
── Conflicts ────────────────────────────────────────── tidyverse_conflicts() ──
✖ ggplot2::annotate() masks ctmm::annotate()
✖ dplyr::filter()     masks stats::filter()
✖ dplyr::lag()        masks stats::lag()
ℹ Use the conflicted package (<http://conflicted.r-lib.org/>) to force all conflicts to become errors

Attaching package: ‘data.table’

The following objects are masked from ‘package:lubridate’:

    hour, isoweek, mday, minute, month, quarter, second, wday, week,
    yday, year

The following objects are masked from ‘package:dplyr’:

    between, first, last

The following object is masked from ‘package:purrr’:

    transpose

[1] "/home/u15/mmercer3/proj/bobcat_chapter/data/Bobcat_Individuals/range_resident/ben.csv"
     [,1]                                
[1,] "Data loaded at 2024-09-19 14:25:39"
Minimum sampling interval of 58.9 minutes in unknown
Warning message:
In as.telemetry.data.frame(individual_gps) :
  No MoveBank or GBIF identification found. Assuming data corresponds to one indiviudal.
DOP values missing. Assuming DOP=1.
[1] "BC_#8_Ben"
[1] "Telemetry object created at 2024-09-19 14:25:41.05053"
[1] "CTMM fit at 2024-09-19 14:35:28.010842"
$name
[1] "OU anisotropic error"

$DOF
     mean      area diffusion     speed 
 230.5663  384.4090  572.5565    0.0000 

$CI
                                         low       est      high
area (square kilometers)          17.2144635 19.073765 21.027041
τ[position] (days)                 0.9994468  1.142300  1.305570
diffusion (square kilometers/day)  1.6392967  1.782317  1.931232

[1] "home range created"
[1] "Done at 2024-09-19 14:35:44.6183"
Script complete
Thu Sep 19 14:35:44 MST 2024
