Fri Sep 20 10:10:00 MST 2024
Initiating script
── Attaching core tidyverse packages ──────────────────────── tidyverse 2.0.0 ──
✔ dplyr     1.1.4     ✔ readr     2.1.5
✔ forcats   1.0.0     ✔ stringr   1.5.1
✔ ggplot2   3.5.1     ✔ tibble    3.2.1
✔ lubridate 1.9.3     ✔ tidyr     1.3.1
✔ purrr     1.0.2     
── Conflicts ────────────────────────────────────────── tidyverse_conflicts() ──
✖ ggplot2::annotate() masks ctmm::annotate()
✖ dplyr::filter()     masks stats::filter()
✖ dplyr::lag()        masks stats::lag()
ℹ Use the conflicted package (<http://conflicted.r-lib.org/>) to force all conflicts to become errors

Attaching package: ‘data.table’

The following objects are masked from ‘package:lubridate’:

    hour, isoweek, mday, minute, month, quarter, second, wday, week,
    yday, year

The following objects are masked from ‘package:dplyr’:

    between, first, last

The following object is masked from ‘package:purrr’:

    transpose

[1] "/home/u15/mmercer3/proj/bobcat_chapter/data/Bobcat_Individuals/non_range_resident/danielle_NOT_RR.csv"
     [,1]                                
[1,] "Data loaded at 2024-09-20 10:10:09"
Minimum sampling interval of 58.2 minutes in unknown
Warning message:
In as.telemetry.data.frame(individual_gps) :
  No MoveBank or GBIF identification found. Assuming data corresponds to one indiviudal.
DOP values missing. Assuming DOP=1.
[1] "Danielle"
[1] "Telemetry object created at 2024-09-20 10:10:11.627806"
[1] "CTMM fit at 2024-09-20 10:16:48.950546"
$name
[1] "BM anisotropic error"

$DOF
     mean      area diffusion     speed 
    0.000     0.000  3032.877     0.000 

$CI
                                      low      est     high
diffusion (square kilometers/day) 2.19243 2.272599 2.354187

[1] "Done at 2024-09-20 10:16:48.994178"
Script complete
Fri Sep 20 10:16:49 MST 2024
