Fri Sep 20 10:04:08 MST 2024
Initiating script
── Attaching core tidyverse packages ──────────────────────── tidyverse 2.0.0 ──
✔ dplyr     1.1.4     ✔ readr     2.1.5
✔ forcats   1.0.0     ✔ stringr   1.5.1
✔ ggplot2   3.5.1     ✔ tibble    3.2.1
✔ lubridate 1.9.3     ✔ tidyr     1.3.1
✔ purrr     1.0.2     
── Conflicts ────────────────────────────────────────── tidyverse_conflicts() ──
✖ ggplot2::annotate() masks ctmm::annotate()
✖ dplyr::filter()     masks stats::filter()
✖ dplyr::lag()        masks stats::lag()
ℹ Use the conflicted package (<http://conflicted.r-lib.org/>) to force all conflicts to become errors

Attaching package: ‘data.table’

The following objects are masked from ‘package:lubridate’:

    hour, isoweek, mday, minute, month, quarter, second, wday, week,
    yday, year

The following objects are masked from ‘package:dplyr’:

    between, first, last

The following object is masked from ‘package:purrr’:

    transpose

[1] "/home/u15/mmercer3/proj/bobcat_chapter/data/Bobcat_Individuals/range_resident/nala.csv"
     [,1]                                
[1,] "Data loaded at 2024-09-20 10:04:20"
Minimum sampling interval of 1.99 hours in unknown
Warning message:
In as.telemetry.data.frame(individual_gps) :
  No MoveBank or GBIF identification found. Assuming data corresponds to one indiviudal.
DOP values missing. Assuming DOP=1.
[1] "Nala"
[1] "Telemetry object created at 2024-09-20 10:04:22.670052"
[1] "CTMM fit at 2024-09-20 10:20:52.751791"
$name
[1] "OU anisotropic error"

$DOF
     mean      area diffusion     speed 
 22.46739  37.80643 302.04058   0.00000 

$CI
                                         low       est      high
area (square kilometers)          12.4699994 17.638422 23.688928
τ[position] (days)                 0.8917153  1.280788  1.839621
diffusion (square kilometers/day)  2.2795366  2.560149  2.856814

[1] "home range created"
[1] "Done at 2024-09-20 10:21:01.476278"
Script complete
Fri Sep 20 10:21:01 MST 2024
