Fri Sep 20 10:04:08 MST 2024
Initiating script
── Attaching core tidyverse packages ──────────────────────── tidyverse 2.0.0 ──
✔ dplyr     1.1.4     ✔ readr     2.1.5
✔ forcats   1.0.0     ✔ stringr   1.5.1
✔ ggplot2   3.5.1     ✔ tibble    3.2.1
✔ lubridate 1.9.3     ✔ tidyr     1.3.1
✔ purrr     1.0.2     
── Conflicts ────────────────────────────────────────── tidyverse_conflicts() ──
✖ ggplot2::annotate() masks ctmm::annotate()
✖ dplyr::filter()     masks stats::filter()
✖ dplyr::lag()        masks stats::lag()
ℹ Use the conflicted package (<http://conflicted.r-lib.org/>) to force all conflicts to become errors

Attaching package: ‘data.table’

The following objects are masked from ‘package:lubridate’:

    hour, isoweek, mday, minute, month, quarter, second, wday, week,
    yday, year

The following objects are masked from ‘package:dplyr’:

    between, first, last

The following object is masked from ‘package:purrr’:

    transpose

[1] "/home/u15/mmercer3/proj/bobcat_chapter/data/Bobcat_Individuals/range_resident/morgan.csv"
     [,1]                                
[1,] "Data loaded at 2024-09-20 10:04:20"
Minimum sampling interval of 57.9 minutes in unknown
Warning message:
In as.telemetry.data.frame(individual_gps) :
  No MoveBank or GBIF identification found. Assuming data corresponds to one indiviudal.
DOP values missing. Assuming DOP=1.
[1] "Morgan"
[1] "Telemetry object created at 2024-09-20 10:04:22.690427"
[1] "CTMM fit at 2024-09-20 10:40:16.767908"
$name
[1] "OUF anisotropic error"

$DOF
     mean      area diffusion     speed 
1377.4647 1954.5251 1865.4689  772.7111 

$CI
                                        low      est      high
area (square kilometers)          8.5949355 8.989075  9.391926
τ[position] (hours)               5.3119821 5.830925  6.400565
τ[velocity] (hours)               0.8875774 1.008023  1.144813
speed (kilometers/day)            9.3459725 9.687544 10.028952
diffusion (square kilometers/day) 2.6078908 2.730401  2.855684

Default grid size of 51.4166666666667 minutes chosen for bandwidth(...,fast=TRUE).
[1] "home range created"
[1] "Done at 2024-09-20 10:40:29.729505"
Script complete
Fri Sep 20 10:40:29 MST 2024
