Fri Sep 20 10:04:07 MST 2024
Initiating script
── Attaching core tidyverse packages ──────────────────────── tidyverse 2.0.0 ──
✔ dplyr     1.1.4     ✔ readr     2.1.5
✔ forcats   1.0.0     ✔ stringr   1.5.1
✔ ggplot2   3.5.1     ✔ tibble    3.2.1
✔ lubridate 1.9.3     ✔ tidyr     1.3.1
✔ purrr     1.0.2     
── Conflicts ────────────────────────────────────────── tidyverse_conflicts() ──
✖ ggplot2::annotate() masks ctmm::annotate()
✖ dplyr::filter()     masks stats::filter()
✖ dplyr::lag()        masks stats::lag()
ℹ Use the conflicted package (<http://conflicted.r-lib.org/>) to force all conflicts to become errors

Attaching package: ‘data.table’

The following objects are masked from ‘package:lubridate’:

    hour, isoweek, mday, minute, month, quarter, second, wday, week,
    yday, year

The following objects are masked from ‘package:dplyr’:

    between, first, last

The following object is masked from ‘package:purrr’:

    transpose

[1] "/home/u15/mmercer3/proj/bobcat_chapter/data/Bobcat_Individuals/range_resident/cassidy.csv"
     [,1]                                
[1,] "Data loaded at 2024-09-20 10:04:17"
Minimum sampling interval of 1.01 hours in unknown
Warning message:
In as.telemetry.data.frame(individual_gps) :
  No MoveBank or GBIF identification found. Assuming data corresponds to one indiviudal.
DOP values missing. Assuming DOP=1.
[1] "Cassidy"
[1] "Telemetry object created at 2024-09-20 10:04:19.704312"
[1] "CTMM fit at 2024-09-20 10:07:54.613833"
$name
[1] "OU anisotropic error"

$DOF
     mean      area diffusion     speed 
 47.07116  75.43186 139.24588   0.00000 

$CI
                               low       est      high
area (square kilometers)  1.718654  2.183422  2.702969
τ[position] (hours)       6.040416  8.079146 10.805978
diffusion (hectares/day) 63.596012 75.636795 88.706011

[1] "home range created"
[1] "Done at 2024-09-20 10:07:55.849075"
Script complete
Fri Sep 20 10:07:55 MST 2024
