Fri Sep 20 10:04:07 MST 2024
Initiating script
── Attaching core tidyverse packages ──────────────────────── tidyverse 2.0.0 ──
✔ dplyr     1.1.4     ✔ readr     2.1.5
✔ forcats   1.0.0     ✔ stringr   1.5.1
✔ ggplot2   3.5.1     ✔ tibble    3.2.1
✔ lubridate 1.9.3     ✔ tidyr     1.3.1
✔ purrr     1.0.2     
── Conflicts ────────────────────────────────────────── tidyverse_conflicts() ──
✖ ggplot2::annotate() masks ctmm::annotate()
✖ dplyr::filter()     masks stats::filter()
✖ dplyr::lag()        masks stats::lag()
ℹ Use the conflicted package (<http://conflicted.r-lib.org/>) to force all conflicts to become errors

Attaching package: ‘data.table’

The following objects are masked from ‘package:lubridate’:

    hour, isoweek, mday, minute, month, quarter, second, wday, week,
    yday, year

The following objects are masked from ‘package:dplyr’:

    between, first, last

The following object is masked from ‘package:purrr’:

    transpose

[1] "/home/u15/mmercer3/proj/bobcat_chapter/data/Bobcat_Individuals/range_resident/sadie.csv"
     [,1]                                
[1,] "Data loaded at 2024-09-20 10:04:17"
Minimum sampling interval of 1.97 hours in unknown
Warning message:
In as.telemetry.data.frame(individual_gps) :
  No MoveBank or GBIF identification found. Assuming data corresponds to one indiviudal.
DOP values missing. Assuming DOP=1.
[1] "Sadie"
[1] "Telemetry object created at 2024-09-20 10:04:19.575142"
[1] "CTMM fit at 2024-09-20 10:19:25.730048"
$name
[1] "OUF anisotropic error"

$DOF
     mean      area diffusion     speed 
 406.4961  603.4938  827.0216  582.0128 

$CI
                                        low      est     high
area (square kilometers)          6.0794888 6.595253 7.131717
τ[position] (hours)               5.0697669 5.874152 6.806164
τ[velocity] (hours)               0.8793121 1.040472 1.231168
speed (kilometers/day)            7.8995842 8.234109 8.568448
diffusion (square kilometers/day) 1.8885852 2.024210 2.164471

Default grid size of 1.00041666666667 hours chosen for bandwidth(...,fast=TRUE).
[1] "home range created"
[1] "Done at 2024-09-20 10:19:31.05459"
Script complete
Fri Sep 20 10:19:31 MST 2024
