Fri Sep 20 10:04:08 MST 2024
Initiating script
── Attaching core tidyverse packages ──────────────────────── tidyverse 2.0.0 ──
✔ dplyr     1.1.4     ✔ readr     2.1.5
✔ forcats   1.0.0     ✔ stringr   1.5.1
✔ ggplot2   3.5.1     ✔ tibble    3.2.1
✔ lubridate 1.9.3     ✔ tidyr     1.3.1
✔ purrr     1.0.2     
── Conflicts ────────────────────────────────────────── tidyverse_conflicts() ──
✖ ggplot2::annotate() masks ctmm::annotate()
✖ dplyr::filter()     masks stats::filter()
✖ dplyr::lag()        masks stats::lag()
ℹ Use the conflicted package (<http://conflicted.r-lib.org/>) to force all conflicts to become errors

Attaching package: ‘data.table’

The following objects are masked from ‘package:lubridate’:

    hour, isoweek, mday, minute, month, quarter, second, wday, week,
    yday, year

The following objects are masked from ‘package:dplyr’:

    between, first, last

The following object is masked from ‘package:purrr’:

    transpose

[1] "/home/u15/mmercer3/proj/bobcat_chapter/data/Bobcat_Individuals/range_resident/lisa.csv"
     [,1]                                
[1,] "Data loaded at 2024-09-20 10:04:20"
Minimum sampling interval of 59.6 minutes in unknown
Warning message:
In as.telemetry.data.frame(individual_gps) :
  No MoveBank or GBIF identification found. Assuming data corresponds to one indiviudal.
DOP values missing. Assuming DOP=1.
[1] "Lisa"
[1] "Telemetry object created at 2024-09-20 10:04:22.67664"
[1] "CTMM fit at 2024-09-20 10:20:42.058997"
$name
[1] "OUF anisotropic error"

$DOF
     mean      area diffusion     speed 
 804.9971 1050.9710  859.3867  491.0218 

$CI
                                       low      est      high
area (square kilometers)          9.276589 9.864007 10.469203
τ[position] (hours)               3.416625 4.181709  5.118117
τ[velocity] (hours)               1.180564 1.498314  1.901586
speed (kilometers/day)            9.452690 9.890141 10.327328
diffusion (square kilometers/day) 3.214749 3.440991  3.674818

Default grid size of 51.4214285714286 minutes chosen for bandwidth(...,fast=TRUE).
[1] "home range created"
[1] "Done at 2024-09-20 10:21:22.22345"
Script complete
Fri Sep 20 10:21:22 MST 2024
