Fri Sep 20 10:04:08 MST 2024
Initiating script
── Attaching core tidyverse packages ──────────────────────── tidyverse 2.0.0 ──
✔ dplyr     1.1.4     ✔ readr     2.1.5
✔ forcats   1.0.0     ✔ stringr   1.5.1
✔ ggplot2   3.5.1     ✔ tibble    3.2.1
✔ lubridate 1.9.3     ✔ tidyr     1.3.1
✔ purrr     1.0.2     
── Conflicts ────────────────────────────────────────── tidyverse_conflicts() ──
✖ ggplot2::annotate() masks ctmm::annotate()
✖ dplyr::filter()     masks stats::filter()
✖ dplyr::lag()        masks stats::lag()
ℹ Use the conflicted package (<http://conflicted.r-lib.org/>) to force all conflicts to become errors

Attaching package: ‘data.table’

The following objects are masked from ‘package:lubridate’:

    hour, isoweek, mday, minute, month, quarter, second, wday, week,
    yday, year

The following objects are masked from ‘package:dplyr’:

    between, first, last

The following object is masked from ‘package:purrr’:

    transpose

[1] "/home/u15/mmercer3/proj/bobcat_chapter/data/Bobcat_Individuals/range_resident/minnie.csv"
     [,1]                                
[1,] "Data loaded at 2024-09-20 10:04:20"
Minimum sampling interval of 58.6 minutes in unknown
Warning message:
In as.telemetry.data.frame(individual_gps) :
  No MoveBank or GBIF identification found. Assuming data corresponds to one indiviudal.
DOP values missing. Assuming DOP=1.
[1] "Minnie"
[1] "Telemetry object created at 2024-09-20 10:04:22.671214"
[1] "CTMM fit at 2024-09-20 10:16:00.634827"
$name
[1] "OU anisotropic error"

$DOF
     mean      area diffusion     speed 
 465.1393  641.5886  156.4357    0.0000 

$CI
                                       low      est     high
area (square kilometers)          3.048693 3.299065 3.559176
τ[position] (hours)               5.110580 5.962316 6.956004
diffusion (square kilometers/day) 1.699214 2.000404 2.325806

[1] "home range created"
[1] "Done at 2024-09-20 10:16:15.438436"
Script complete
Fri Sep 20 10:16:15 MST 2024
