Fri Sep 20 10:04:07 MST 2024
Initiating script
── Attaching core tidyverse packages ──────────────────────── tidyverse 2.0.0 ──
✔ dplyr     1.1.4     ✔ readr     2.1.5
✔ forcats   1.0.0     ✔ stringr   1.5.1
✔ ggplot2   3.5.1     ✔ tibble    3.2.1
✔ lubridate 1.9.3     ✔ tidyr     1.3.1
✔ purrr     1.0.2     
── Conflicts ────────────────────────────────────────── tidyverse_conflicts() ──
✖ ggplot2::annotate() masks ctmm::annotate()
✖ dplyr::filter()     masks stats::filter()
✖ dplyr::lag()        masks stats::lag()
ℹ Use the conflicted package (<http://conflicted.r-lib.org/>) to force all conflicts to become errors

Attaching package: ‘data.table’

The following objects are masked from ‘package:lubridate’:

    hour, isoweek, mday, minute, month, quarter, second, wday, week,
    yday, year

The following objects are masked from ‘package:dplyr’:

    between, first, last

The following object is masked from ‘package:purrr’:

    transpose

[1] "/home/u15/mmercer3/proj/bobcat_chapter/data/Bobcat_Individuals/range_resident/charlie.csv"
     [,1]                                
[1,] "Data loaded at 2024-09-20 10:04:17"
Minimum sampling interval of 1.95 hours in unknown
Warning message:
In as.telemetry.data.frame(individual_gps) :
  No MoveBank or GBIF identification found. Assuming data corresponds to one indiviudal.
DOP values missing. Assuming DOP=1.
[1] "Charlie"
[1] "Telemetry object created at 2024-09-20 10:04:19.712946"
[1] "CTMM fit at 2024-09-20 10:22:26.257195"
$name
[1] "OUF anisotropic error"

$DOF
     mean      area diffusion     speed 
 167.9697  281.9835  644.6214  105.5404 

$CI
                                        low      est      high
area (square kilometers)          11.653392 13.14277 14.720423
τ[position] (hours)                8.762812 10.19969 11.872190
τ[velocity] (minutes)             22.672595 29.45137 38.256900
speed (kilometers/day)            14.975606 16.55452 18.131484
diffusion (square kilometers/day)  4.433391  4.79657  5.173843

Default grid size of 1.00013888888889 hours chosen for bandwidth(...,fast=TRUE).
[1] "home range created"
[1] "Done at 2024-09-20 10:22:35.361933"
Script complete
Fri Sep 20 10:22:35 MST 2024
