Fri Sep 20 10:10:01 MST 2024
Initiating script
── Attaching core tidyverse packages ──────────────────────── tidyverse 2.0.0 ──
✔ dplyr     1.1.4     ✔ readr     2.1.5
✔ forcats   1.0.0     ✔ stringr   1.5.1
✔ ggplot2   3.5.1     ✔ tibble    3.2.1
✔ lubridate 1.9.3     ✔ tidyr     1.3.1
✔ purrr     1.0.2     
── Conflicts ────────────────────────────────────────── tidyverse_conflicts() ──
✖ ggplot2::annotate() masks ctmm::annotate()
✖ dplyr::filter()     masks stats::filter()
✖ dplyr::lag()        masks stats::lag()
ℹ Use the conflicted package (<http://conflicted.r-lib.org/>) to force all conflicts to become errors

Attaching package: ‘data.table’

The following objects are masked from ‘package:lubridate’:

    hour, isoweek, mday, minute, month, quarter, second, wday, week,
    yday, year

The following objects are masked from ‘package:dplyr’:

    between, first, last

The following object is masked from ‘package:purrr’:

    transpose

[1] "/home/u15/mmercer3/proj/bobcat_chapter/data/Bobcat_Individuals/non_range_resident/tippy_NOT_RR.csv"
     [,1]                                
[1,] "Data loaded at 2024-09-20 10:10:10"
Minimum sampling interval of 1.96 hours in unknown
Warning message:
In as.telemetry.data.frame(individual_gps) :
  No MoveBank or GBIF identification found. Assuming data corresponds to one indiviudal.
DOP values missing. Assuming DOP=1.
[1] "Tippy"
[1] "Telemetry object created at 2024-09-20 10:10:12.789834"
[1] "CTMM fit at 2024-09-20 10:11:23.899866"
$name
[1] "BM anisotropic error"

$DOF
     mean      area diffusion     speed 
   0.0000    0.0000  516.2699    0.0000 

$CI
                                       low      est     high
diffusion (square kilometers/day) 1.348292 1.472596 1.602301

[1] "Done at 2024-09-20 10:11:23.91784"
Script complete
Fri Sep 20 10:11:24 MST 2024
