Fri Sep 20 10:04:08 MST 2024
Initiating script
── Attaching core tidyverse packages ──────────────────────── tidyverse 2.0.0 ──
✔ dplyr     1.1.4     ✔ readr     2.1.5
✔ forcats   1.0.0     ✔ stringr   1.5.1
✔ ggplot2   3.5.1     ✔ tibble    3.2.1
✔ lubridate 1.9.3     ✔ tidyr     1.3.1
✔ purrr     1.0.2     
── Conflicts ────────────────────────────────────────── tidyverse_conflicts() ──
✖ ggplot2::annotate() masks ctmm::annotate()
✖ dplyr::filter()     masks stats::filter()
✖ dplyr::lag()        masks stats::lag()
ℹ Use the conflicted package (<http://conflicted.r-lib.org/>) to force all conflicts to become errors

Attaching package: ‘data.table’

The following objects are masked from ‘package:lubridate’:

    hour, isoweek, mday, minute, month, quarter, second, wday, week,
    yday, year

The following objects are masked from ‘package:dplyr’:

    between, first, last

The following object is masked from ‘package:purrr’:

    transpose

[1] "/home/u15/mmercer3/proj/bobcat_chapter/data/Bobcat_Individuals/range_resident/margaret.csv"
     [,1]                                
[1,] "Data loaded at 2024-09-20 10:04:20"
Minimum sampling interval of 57.9 minutes in unknown
Warning message:
In as.telemetry.data.frame(individual_gps) :
  No MoveBank or GBIF identification found. Assuming data corresponds to one indiviudal.
DOP values missing. Assuming DOP=1.
[1] "Margaret"
[1] "Telemetry object created at 2024-09-20 10:04:22.685431"
[1] "CTMM fit at 2024-09-20 10:35:44.875644"
$name
[1] "OUF anisotropic error"

$DOF
       mean        area   diffusion       speed 
 845.967278 1388.105082 1676.903564    6.765277 

$CI
                                        low       est      high
area (square kilometers)           9.307044  9.816734 10.339821
τ[position] (hours)               10.594480 11.546034 12.583053
τ[velocity] (minutes)              4.358846 11.948523 32.753440
speed (kilometers/day)            10.572025 16.834933 23.098285
diffusion (square kilometers/day)  2.010725  2.110544  2.212746

Default grid size of 51.4309523809524 minutes chosen for bandwidth(...,fast=TRUE).
[1] "home range created"
[1] "Done at 2024-09-20 10:35:53.81170"
Script complete
Fri Sep 20 10:35:53 MST 2024
