Fri Sep 20 10:04:08 MST 2024
Initiating script
── Attaching core tidyverse packages ──────────────────────── tidyverse 2.0.0 ──
✔ dplyr     1.1.4     ✔ readr     2.1.5
✔ forcats   1.0.0     ✔ stringr   1.5.1
✔ ggplot2   3.5.1     ✔ tibble    3.2.1
✔ lubridate 1.9.3     ✔ tidyr     1.3.1
✔ purrr     1.0.2     
── Conflicts ────────────────────────────────────────── tidyverse_conflicts() ──
✖ ggplot2::annotate() masks ctmm::annotate()
✖ dplyr::filter()     masks stats::filter()
✖ dplyr::lag()        masks stats::lag()
ℹ Use the conflicted package (<http://conflicted.r-lib.org/>) to force all conflicts to become errors

Attaching package: ‘data.table’

The following objects are masked from ‘package:lubridate’:

    hour, isoweek, mday, minute, month, quarter, second, wday, week,
    yday, year

The following objects are masked from ‘package:dplyr’:

    between, first, last

The following object is masked from ‘package:purrr’:

    transpose

[1] "/home/u15/mmercer3/proj/bobcat_chapter/data/Bobcat_Individuals/range_resident/dave.csv"
     [,1]                                
[1,] "Data loaded at 2024-09-20 10:04:20"
Minimum sampling interval of 59.4 minutes in unknown
Warning message:
In as.telemetry.data.frame(individual_gps) :
  No MoveBank or GBIF identification found. Assuming data corresponds to one indiviudal.
DOP values missing. Assuming DOP=1.
[1] "Dave"
[1] "Telemetry object created at 2024-09-20 10:04:22.668455"
[1] "CTMM fit at 2024-09-20 10:09:18.718842"
$name
[1] "OUf anisotropic error"

$DOF
     mean      area diffusion     speed 
114.48526 131.08737  36.47344  11.71673 

$CI
                                        low       est      high
area (square kilometers)          18.766807 22.444307 26.445964
τ (hours)                          1.948058  2.645744  3.593303
speed (kilometers/day)            12.838418 17.943172 23.039381
diffusion (square kilometers/day)  8.974545 12.781352 17.250658

[1] "home range created"
[1] "Done at 2024-09-20 10:09:19.982671"
Script complete
Fri Sep 20 10:09:20 MST 2024
