Fri Sep 20 10:04:08 MST 2024
Initiating script
── Attaching core tidyverse packages ──────────────────────── tidyverse 2.0.0 ──
✔ dplyr     1.1.4     ✔ readr     2.1.5
✔ forcats   1.0.0     ✔ stringr   1.5.1
✔ ggplot2   3.5.1     ✔ tibble    3.2.1
✔ lubridate 1.9.3     ✔ tidyr     1.3.1
✔ purrr     1.0.2     
── Conflicts ────────────────────────────────────────── tidyverse_conflicts() ──
✖ ggplot2::annotate() masks ctmm::annotate()
✖ dplyr::filter()     masks stats::filter()
✖ dplyr::lag()        masks stats::lag()
ℹ Use the conflicted package (<http://conflicted.r-lib.org/>) to force all conflicts to become errors

Attaching package: ‘data.table’

The following objects are masked from ‘package:lubridate’:

    hour, isoweek, mday, minute, month, quarter, second, wday, week,
    yday, year

The following objects are masked from ‘package:dplyr’:

    between, first, last

The following object is masked from ‘package:purrr’:

    transpose

[1] "/home/u15/mmercer3/proj/bobcat_chapter/data/Bobcat_Individuals/range_resident/bobbijo.csv"
     [,1]                                
[1,] "Data loaded at 2024-09-20 10:04:16"
Minimum sampling interval of 1.02 hours in unknown
Warning message:
In as.telemetry.data.frame(individual_gps) :
  No MoveBank or GBIF identification found. Assuming data corresponds to one indiviudal.
DOP values missing. Assuming DOP=1.
[1] "BobbiJo"
[1] "Telemetry object created at 2024-09-20 10:04:19.537784"
[1] "CTMM fit at 2024-09-20 10:22:01.90484"
$name
[1] "OUF anisotropic error"

$DOF
      mean       area  diffusion      speed 
 827.32561 1172.92817  920.58391   52.79966 

$CI
                                        low       est      high
area (square kilometers)           8.678681  9.197579  9.731330
τ[position] (hours)                4.021516  4.617146  5.300995
τ[velocity] (minutes)             20.737400 30.970817 46.254182
speed (kilometers/day)            13.487371 15.588134 17.685489
diffusion (square kilometers/day)  3.696820  3.947750  4.206802

Default grid size of 59.9888888888889 minutes chosen for bandwidth(...,fast=TRUE).
[1] "home range created"
[1] "Done at 2024-09-20 10:22:06.149083"
Script complete
Fri Sep 20 10:22:06 MST 2024
