Fri Sep 20 10:04:08 MST 2024
Initiating script
── Attaching core tidyverse packages ──────────────────────── tidyverse 2.0.0 ──
✔ dplyr     1.1.4     ✔ readr     2.1.5
✔ forcats   1.0.0     ✔ stringr   1.5.1
✔ ggplot2   3.5.1     ✔ tibble    3.2.1
✔ lubridate 1.9.3     ✔ tidyr     1.3.1
✔ purrr     1.0.2     
── Conflicts ────────────────────────────────────────── tidyverse_conflicts() ──
✖ ggplot2::annotate() masks ctmm::annotate()
✖ dplyr::filter()     masks stats::filter()
✖ dplyr::lag()        masks stats::lag()
ℹ Use the conflicted package (<http://conflicted.r-lib.org/>) to force all conflicts to become errors

Attaching package: ‘data.table’

The following objects are masked from ‘package:lubridate’:

    hour, isoweek, mday, minute, month, quarter, second, wday, week,
    yday, year

The following objects are masked from ‘package:dplyr’:

    between, first, last

The following object is masked from ‘package:purrr’:

    transpose

[1] "/home/u15/mmercer3/proj/bobcat_chapter/data/Bobcat_Individuals/range_resident/luna.csv"
     [,1]                                
[1,] "Data loaded at 2024-09-20 10:04:20"
Minimum sampling interval of 59.5 minutes in unknown
Warning message:
In as.telemetry.data.frame(individual_gps) :
  No MoveBank or GBIF identification found. Assuming data corresponds to one indiviudal.
DOP values missing. Assuming DOP=1.
[1] "Luna"
[1] "Telemetry object created at 2024-09-20 10:04:22.683097"
[1] "CTMM fit at 2024-09-20 10:46:38.319231"
$name
[1] "OU anisotropic error"

$DOF
     mean      area diffusion     speed 
 949.9113 1470.2887 1068.0370    0.0000 

$CI
                                       low      est     high
area (square kilometers)          3.451791 3.635254 3.823399
τ[position] (hours)               4.759075 5.132210 5.534601
diffusion (square kilometers/day) 1.794966 1.907674 2.023765

Default grid size of 47.9866666666667 minutes chosen for bandwidth(...,fast=TRUE).
[1] "home range created"
[1] "Done at 2024-09-20 10:46:43.229952"
Script complete
Fri Sep 20 10:46:43 MST 2024
