Fri Sep 20 10:04:07 MST 2024
Initiating script
── Attaching core tidyverse packages ──────────────────────── tidyverse 2.0.0 ──
✔ dplyr     1.1.4     ✔ readr     2.1.5
✔ forcats   1.0.0     ✔ stringr   1.5.1
✔ ggplot2   3.5.1     ✔ tibble    3.2.1
✔ lubridate 1.9.3     ✔ tidyr     1.3.1
✔ purrr     1.0.2     
── Conflicts ────────────────────────────────────────── tidyverse_conflicts() ──
✖ ggplot2::annotate() masks ctmm::annotate()
✖ dplyr::filter()     masks stats::filter()
✖ dplyr::lag()        masks stats::lag()
ℹ Use the conflicted package (<http://conflicted.r-lib.org/>) to force all conflicts to become errors

Attaching package: ‘data.table’

The following objects are masked from ‘package:lubridate’:

    hour, isoweek, mday, minute, month, quarter, second, wday, week,
    yday, year

The following objects are masked from ‘package:dplyr’:

    between, first, last

The following object is masked from ‘package:purrr’:

    transpose

[1] "/home/u15/mmercer3/proj/bobcat_chapter/data/Bobcat_Individuals/range_resident/wyatt.csv"
     [,1]                                
[1,] "Data loaded at 2024-09-20 10:04:17"
Minimum sampling interval of 59 minutes in unknown
Warning message:
In as.telemetry.data.frame(individual_gps) :
  No MoveBank or GBIF identification found. Assuming data corresponds to one indiviudal.
DOP values missing. Assuming DOP=1.
[1] "Wyatt"
[1] "Telemetry object created at 2024-09-20 10:04:19.44705"
[1] "CTMM fit at 2024-09-20 10:24:22.745437"
$name
[1] "OUF anisotropic error"

$DOF
     mean      area diffusion     speed 
 739.4216 1016.7656  837.2671  323.7272 

$CI
                                        low       est      high
area (square kilometers)          19.971296 21.258037 22.584380
τ[position] (hours)                5.021642  5.707356  6.486707
τ[velocity] (minutes)             45.461341 54.852895 66.184587
speed (kilometers/day)            15.689660 16.593556 17.496788
diffusion (square kilometers/day)  6.898305  7.390492  7.899397

Default grid size of 48.02 minutes chosen for bandwidth(...,fast=TRUE).
[1] "home range created"
[1] "Done at 2024-09-20 10:24:29.10321"
Script complete
Fri Sep 20 10:24:29 MST 2024
